QuestaSim-64 vcom 2021.2 Compiler 2021.04 Apr 14 2021
Start time: 20:30:35 on Nov 14,2021
vcom -2008 -work internal/ModelSimContainer/work src/*.vhd 
-- Loading package STANDARD
-- Loading package TEXTIO
-- Loading package std_logic_1164
-- Compiling entity xorg2
-- Compiling architecture dataflow of xorg2
-- Compiling package reg_array_type
-- Compiling entity org2
-- Compiling architecture dataflow of org2
-- Compiling entity mux_32bit_dataflow
-- Compiling architecture dataflow of mux_32bit_dataflow
-- Compiling entity dffg
-- Compiling architecture mixed of dffg
-- Compiling entity mux2t1
-- Compiling architecture dataflow of mux2t1
-- Loading package NUMERIC_STD
-- Loading package reg_array_type
-- Compiling entity Register_File
-- Compiling architecture structural of Register_File
-- Compiling entity controlUnit_tb
-- Compiling architecture behavior of controlUnit_tb
-- Compiling entity mux2t1_N
-- Compiling architecture structural of mux2t1_N
-- Compiling entity addsub
-- Compiling architecture behavior of addsub
-- Compiling entity extender_N
-- Compiling architecture behavior of extender_N
-- Compiling entity ALU_32bit
-- Compiling architecture structural of ALU_32bit
-- Compiling entity programCounter
-- Compiling architecture behavorial of programCounter
-- Compiling entity or_32bit_data
-- Compiling architecture dataflow of or_32bit_data
-- Compiling entity mux8to1_32bit_data
-- Compiling architecture dataflow of mux8to1_32bit_data
-- Compiling entity and_32bit_data
-- Compiling architecture dataflow of and_32bit_data
-- Compiling package array2dpkg
-- Compiling entity Reg_N
-- Compiling architecture abc of Reg_N
-- Compiling entity decoder5t32
-- Compiling architecture dataflow of decoder5t32
-- Compiling entity nor_32bit_data
-- Compiling architecture dataflow of nor_32bit_data
-- Compiling entity MIPS_Processor
-- Compiling architecture structure of MIPS_Processor
-- Compiling entity Fulladder
-- Compiling architecture pizza of Fulladder
-- Compiling entity barrel_shifter
-- Compiling architecture bsh of barrel_shifter
-- Compiling entity xor_32bit_data
-- Compiling architecture dataflow of xor_32bit_data
-- Compiling entity mem
-- Compiling architecture rtl of mem
-- Compiling entity nand_32bit_data
-- Compiling architecture dataflow of nand_32bit_data
-- Loading package std_logic_textio
-- Loading package ENV
-- Compiling entity tb
-- Compiling architecture mixed of tb
-- Compiling entity controlUnit
-- Compiling architecture behavioral of controlUnit
-- Compiling entity andg2
-- Compiling architecture dataflow of andg2
-- Compiling entity mux32t1_array
-- Compiling architecture dataflow of mux32t1_array
-- Compiling entity fetch
-- Compiling architecture behavorial of fetch
-- Compiling entity Fulladder_N
-- Compiling architecture pizza_N of Fulladder_N
End time: 20:30:36 on Nov 14,2021, Elapsed time: 0:00:01
Errors: 0, Warnings: 0
