Reading pref.tcl

# 2021.2

# vsim -c -voptargs="+acc" tb -do "../testpy/modelsim_framework.do" 
# Start time: 20:30:37 on Nov 14,2021
# ** Note: (vsim-3813) Design is being optimized due to module recompilation...
# ** Warning: ../../src/addsub.vhd(59): (vopt-3473) Component instance "onescomp0 : OnesComp_N" is not bound.
#         Region: /tb/MyMips/generic_32bit_ALU/generic_add
# ** Warning: ../../src/addsub.vhd(59): (vopt-3473) Component instance "onescomp0 : OnesComp_N" is not bound.
#         Region: /tb/MyMips/generic_32bit_ALU/generic_sub
# ** Note: (vsim-12126) Error and warning message counts have been restored: Errors=0, Warnings=2.
# //  Questa Sim-64
# //  Version 2021.2 linux_x86_64 Apr 14 2021
# //
# //  Copyright 1991-2021 Mentor Graphics Corporation
# //  All Rights Reserved.
# //
# //  QuestaSim and its associated documentation contain trade
# //  secrets and commercial or financial information that are the property of
# //  Mentor Graphics Corporation and are privileged, confidential,
# //  and exempt from disclosure under the Freedom of Information Act,
# //  5 U.S.C. Section 552. Furthermore, this information
# //  is prohibited from disclosure under the Trade Secrets Act,
# //  18 U.S.C. Section 1905.
# //
# Loading std.standard
# Loading std.textio(body)
# Loading ieee.std_logic_1164(body)
# Loading ieee.std_logic_textio(body)
# Loading std.env(body)
# Loading work.tb(mixed)#1
# Loading work.mips_processor(structure)#1
# Loading ieee.numeric_std(body)
# Loading work.mem(rtl)#1
# Loading work.controlunit(behavioral)#1
# Loading work.mux_32bit_dataflow(dataflow)#1
# Loading work.programcounter(behavorial)#1
# Loading work.fulladder_n(pizza_n)#1
# Loading work.fulladder(pizza)#1
# Loading work.xorg2(dataflow)#1
# Loading work.andg2(dataflow)#1
# Loading work.org2(dataflow)#1
# Loading work.extender_n(behavior)#1
# Loading work.mux_32bit_dataflow(dataflow)#2
# Loading work.reg_array_type
# Loading work.register_file(structural)#1
# Loading work.decoder5t32(dataflow)#1
# Loading work.reg_n(abc)#1
# Loading work.dffg(mixed)#1
# Loading work.mux32t1_array(dataflow)#1
# Loading work.alu_32bit(structural)#1
# Loading work.and_32bit_data(dataflow)#1
# Loading work.xor_32bit_data(dataflow)#1
# Loading work.nor_32bit_data(dataflow)#1
# Loading work.addsub(behavior)#1
# ** Warning: (vsim-3473) Component instance "onescomp0 : OnesComp_N" is not bound.
#    Time: 0 ns  Iteration: 0  Instance: /tb/MyMips/generic_32bit_ALU/generic_add File: /home/longz/Desktop/Cpre381/project-1/src/addsub.vhd
# Loading work.mux2t1_n(structural)#1
# Loading work.mux2t1(dataflow)#1
# ** Warning: (vsim-3473) Component instance "onescomp0 : OnesComp_N" is not bound.
#    Time: 0 ns  Iteration: 0  Instance: /tb/MyMips/generic_32bit_ALU/generic_sub File: /home/longz/Desktop/Cpre381/project-1/src/addsub.vhd
# Loading work.barrel_shifter(bsh)#1
# Loading work.barrel_shifter(bsh)#2
# Loading work.barrel_shifter(bsh)#3
# do ../testpy/modelsim_framework.do
# ** Warning: NUMERIC_STD.TO_INTEGER: metavalue detected, returning 0
#    Time: 0 ns  Iteration: 0  Instance: /tb/MyMips/generic_register_file/read_mux_d
# ** Warning: NUMERIC_STD.TO_INTEGER: metavalue detected, returning 0
#    Time: 0 ns  Iteration: 0  Instance: /tb/MyMips/generic_register_file/read_mux_t
# ** Warning: NUMERIC_STD.TO_INTEGER: metavalue detected, returning 0
#    Time: 0 ns  Iteration: 0  Instance: /tb/MyMips/DMem
# ** Warning: NUMERIC_STD.TO_INTEGER: metavalue detected, returning 0
#    Time: 0 ns  Iteration: 0  Instance: /tb/MyMips/IMem
# ** Warning: NUMERIC_STD.TO_INTEGER: metavalue detected, returning 0
#    Time: 40 ns  Iteration: 3  Instance: /tb/MyMips/IMem
# End time: 20:30:41 on Nov 14,2021, Elapsed time: 0:00:04
# Errors: 0, Warnings: 9
